[2024-05-27T16:27:35.537+0000] {local_task_job_runner.py:120} INFO - ::group::Pre task execution logs
[2024-05-27T16:27:35.557+0000] {taskinstance.py:2076} INFO - Dependencies all met for dep_context=non-requeueable deps ti=<TaskInstance: get_data_from_pss.fetch_and_store_data manual__2024-05-27T16:27:34.767687+00:00 [queued]>
[2024-05-27T16:27:35.565+0000] {taskinstance.py:2076} INFO - Dependencies all met for dep_context=requeueable deps ti=<TaskInstance: get_data_from_pss.fetch_and_store_data manual__2024-05-27T16:27:34.767687+00:00 [queued]>
[2024-05-27T16:27:35.566+0000] {taskinstance.py:2306} INFO - Starting attempt 1 of 6
[2024-05-27T16:27:35.577+0000] {taskinstance.py:2330} INFO - Executing <Task(PythonOperator): fetch_and_store_data> on 2024-05-27 16:27:34.767687+00:00
[2024-05-27T16:27:35.582+0000] {warnings.py:110} WARNING - /home/***/.local/lib/python3.12/site-packages/***/task/task_runner/standard_task_runner.py:61: DeprecationWarning: This process (pid=197) is multi-threaded, use of fork() may lead to deadlocks in the child.
  pid = os.fork()

[2024-05-27T16:27:35.584+0000] {standard_task_runner.py:63} INFO - Started process 198 to run task
[2024-05-27T16:27:35.584+0000] {standard_task_runner.py:90} INFO - Running: ['***', 'tasks', 'run', 'get_data_from_pss', 'fetch_and_store_data', 'manual__2024-05-27T16:27:34.767687+00:00', '--job-id', '163', '--raw', '--subdir', 'DAGS_FOLDER/extract_datafrom_pss.py', '--cfg-path', '/tmp/tmp1o38yl9m']
[2024-05-27T16:27:35.585+0000] {standard_task_runner.py:91} INFO - Job 163: Subtask fetch_and_store_data
[2024-05-27T16:27:35.625+0000] {task_command.py:426} INFO - Running <TaskInstance: get_data_from_pss.fetch_and_store_data manual__2024-05-27T16:27:34.767687+00:00 [running]> on host a2673611c42c
[2024-05-27T16:27:35.687+0000] {taskinstance.py:2648} INFO - Exporting env vars: AIRFLOW_CTX_DAG_OWNER='***' AIRFLOW_CTX_DAG_ID='get_data_from_pss' AIRFLOW_CTX_TASK_ID='fetch_and_store_data' AIRFLOW_CTX_EXECUTION_DATE='2024-05-27T16:27:34.767687+00:00' AIRFLOW_CTX_TRY_NUMBER='1' AIRFLOW_CTX_DAG_RUN_ID='manual__2024-05-27T16:27:34.767687+00:00'
[2024-05-27T16:27:35.688+0000] {taskinstance.py:430} INFO - ::endgroup::
[2024-05-27T16:27:35.703+0000] {taskinstance.py:441} INFO - ::group::Post task execution logs
[2024-05-27T16:27:35.704+0000] {taskinstance.py:2905} ERROR - Task failed with exception
Traceback (most recent call last):
  File "/home/airflow/.local/lib/python3.12/site-packages/urllib3/connection.py", line 174, in _new_conn
    conn = connection.create_connection(
           ^^^^^^^^^^^^^^^^^^^^^^^^^^^^^
  File "/home/airflow/.local/lib/python3.12/site-packages/urllib3/util/connection.py", line 95, in create_connection
    raise err
  File "/home/airflow/.local/lib/python3.12/site-packages/urllib3/util/connection.py", line 85, in create_connection
    sock.connect(sa)
ConnectionRefusedError: [Errno 111] Connection refused

During handling of the above exception, another exception occurred:

Traceback (most recent call last):
  File "/home/airflow/.local/lib/python3.12/site-packages/urllib3/connectionpool.py", line 715, in urlopen
    httplib_response = self._make_request(
                       ^^^^^^^^^^^^^^^^^^^
  File "/home/airflow/.local/lib/python3.12/site-packages/urllib3/connectionpool.py", line 416, in _make_request
    conn.request(method, url, **httplib_request_kw)
  File "/home/airflow/.local/lib/python3.12/site-packages/urllib3/connection.py", line 244, in request
    super(HTTPConnection, self).request(method, url, body=body, headers=headers)
  File "/usr/local/lib/python3.12/http/client.py", line 1336, in request
    self._send_request(method, url, body, headers, encode_chunked)
  File "/usr/local/lib/python3.12/http/client.py", line 1382, in _send_request
    self.endheaders(body, encode_chunked=encode_chunked)
  File "/usr/local/lib/python3.12/http/client.py", line 1331, in endheaders
    self._send_output(message_body, encode_chunked=encode_chunked)
  File "/usr/local/lib/python3.12/http/client.py", line 1091, in _send_output
    self.send(msg)
  File "/usr/local/lib/python3.12/http/client.py", line 1035, in send
    self.connect()
  File "/home/airflow/.local/lib/python3.12/site-packages/urllib3/connection.py", line 205, in connect
    conn = self._new_conn()
           ^^^^^^^^^^^^^^^^
  File "/home/airflow/.local/lib/python3.12/site-packages/urllib3/connection.py", line 186, in _new_conn
    raise NewConnectionError(
urllib3.exceptions.NewConnectionError: <urllib3.connection.HTTPConnection object at 0x7f997eedc500>: Failed to establish a new connection: [Errno 111] Connection refused

During handling of the above exception, another exception occurred:

Traceback (most recent call last):
  File "/home/airflow/.local/lib/python3.12/site-packages/requests/adapters.py", line 489, in send
    resp = conn.urlopen(
           ^^^^^^^^^^^^^
  File "/home/airflow/.local/lib/python3.12/site-packages/urllib3/connectionpool.py", line 799, in urlopen
    retries = retries.increment(
              ^^^^^^^^^^^^^^^^^^
  File "/home/airflow/.local/lib/python3.12/site-packages/urllib3/util/retry.py", line 592, in increment
    raise MaxRetryError(_pool, url, error or ResponseError(cause))
urllib3.exceptions.MaxRetryError: HTTPConnectionPool(host='localhost', port=80): Max retries exceeded with url: /services/user/records.xml/?begin=31012024230000&end=31042024230000&var=R$CAL_Saisi%20de%20la%20production.BAHIA_1_5_L%204_DH_AP&period=900 (Caused by NewConnectionError('<urllib3.connection.HTTPConnection object at 0x7f997eedc500>: Failed to establish a new connection: [Errno 111] Connection refused'))

During handling of the above exception, another exception occurred:

Traceback (most recent call last):
  File "/home/airflow/.local/lib/python3.12/site-packages/airflow/models/taskinstance.py", line 465, in _execute_task
    result = _execute_callable(context=context, **execute_callable_kwargs)
             ^^^^^^^^^^^^^^^^^^^^^^^^^^^^^^^^^^^^^^^^^^^^^^^^^^^^^^^^^^^^^
  File "/home/airflow/.local/lib/python3.12/site-packages/airflow/models/taskinstance.py", line 432, in _execute_callable
    return execute_callable(context=context, **execute_callable_kwargs)
           ^^^^^^^^^^^^^^^^^^^^^^^^^^^^^^^^^^^^^^^^^^^^^^^^^^^^^^^^^^^^
  File "/home/airflow/.local/lib/python3.12/site-packages/airflow/models/baseoperator.py", line 400, in wrapper
    return func(self, *args, **kwargs)
           ^^^^^^^^^^^^^^^^^^^^^^^^^^^
  File "/home/airflow/.local/lib/python3.12/site-packages/airflow/operators/python.py", line 235, in execute
    return_value = self.execute_callable()
                   ^^^^^^^^^^^^^^^^^^^^^^^
  File "/home/airflow/.local/lib/python3.12/site-packages/airflow/operators/python.py", line 252, in execute_callable
    return self.python_callable(*self.op_args, **self.op_kwargs)
           ^^^^^^^^^^^^^^^^^^^^^^^^^^^^^^^^^^^^^^^^^^^^^^^^^^^^^
  File "/opt/airflow/dags/extract_datafrom_pss.py", line 15, in get_data_from_pss
    response=requests.get(url)
             ^^^^^^^^^^^^^^^^^
  File "/home/airflow/.local/lib/python3.12/site-packages/requests/api.py", line 73, in get
    return request("get", url, params=params, **kwargs)
           ^^^^^^^^^^^^^^^^^^^^^^^^^^^^^^^^^^^^^^^^^^^^
  File "/home/airflow/.local/lib/python3.12/site-packages/requests/api.py", line 59, in request
    return session.request(method=method, url=url, **kwargs)
           ^^^^^^^^^^^^^^^^^^^^^^^^^^^^^^^^^^^^^^^^^^^^^^^^^
  File "/home/airflow/.local/lib/python3.12/site-packages/requests/sessions.py", line 587, in request
    resp = self.send(prep, **send_kwargs)
           ^^^^^^^^^^^^^^^^^^^^^^^^^^^^^^
  File "/home/airflow/.local/lib/python3.12/site-packages/requests/sessions.py", line 701, in send
    r = adapter.send(request, **kwargs)
        ^^^^^^^^^^^^^^^^^^^^^^^^^^^^^^^
  File "/home/airflow/.local/lib/python3.12/site-packages/requests/adapters.py", line 565, in send
    raise ConnectionError(e, request=request)
requests.exceptions.ConnectionError: HTTPConnectionPool(host='localhost', port=80): Max retries exceeded with url: /services/user/records.xml/?begin=31012024230000&end=31042024230000&var=R$CAL_Saisi%20de%20la%20production.BAHIA_1_5_L%204_DH_AP&period=900 (Caused by NewConnectionError('<urllib3.connection.HTTPConnection object at 0x7f997eedc500>: Failed to establish a new connection: [Errno 111] Connection refused'))
[2024-05-27T16:27:35.722+0000] {taskinstance.py:1206} INFO - Marking task as UP_FOR_RETRY. dag_id=get_data_from_pss, task_id=fetch_and_store_data, run_id=manual__2024-05-27T16:27:34.767687+00:00, execution_date=20240527T162734, start_date=20240527T162735, end_date=20240527T162735
[2024-05-27T16:27:35.734+0000] {standard_task_runner.py:110} ERROR - Failed to execute job 163 for task fetch_and_store_data (HTTPConnectionPool(host='localhost', port=80): Max retries exceeded with url: /services/user/records.xml/?begin=31012024230000&end=31042024230000&var=R$CAL_Saisi%20de%20la%20production.BAHIA_1_5_L%204_DH_AP&period=900 (Caused by NewConnectionError('<urllib3.connection.HTTPConnection object at 0x7f997eedc500>: Failed to establish a new connection: [Errno 111] Connection refused')); 198)
[2024-05-27T16:27:35.758+0000] {local_task_job_runner.py:240} INFO - Task exited with return code 1
[2024-05-27T16:27:35.772+0000] {taskinstance.py:3498} INFO - 0 downstream tasks scheduled from follow-on schedule check
[2024-05-27T16:27:35.775+0000] {local_task_job_runner.py:222} INFO - ::endgroup::
